#! /cs/local/bin/vvp
:ivl_version "10.0 (stable)" "(v10_0)";
:ivl_delay_selection "TYPICAL";
:vpi_time_precision + 0;
:vpi_module "system";
:vpi_module "vhdl_sys";
:vpi_module "v2005_math";
:vpi_module "va_math";
S_0x2649640 .scope module, "t_adder" "t_adder" 2 37;
 .timescale 0 0;
v0x269d330_0 .var "a", 3 0;
v0x269d410_0 .var "b", 3 0;
v0x269d4e0_0 .var "cin", 0 0;
v0x269d5e0_0 .net "cout", 0 0, L_0x269fc10;  1 drivers
v0x269d6b0_0 .net "s", 3 0, L_0x269ea30;  1 drivers
S_0x264d6f0 .scope module, "my_add4" "Adder4" 2 45, 2 22 0, S_0x2649640;
 .timescale 0 0;
    .port_info 0 /OUTPUT 4 "z"
    .port_info 1 /OUTPUT 1 "cout"
    .port_info 2 /INPUT 4 "a"
    .port_info 3 /INPUT 4 "b"
    .port_info 4 /INPUT 1 "cin"
L_0x269f6e0 .functor BUFZ 1, v0x269d4e0_0, C4<0>, C4<0>, C4<0>;
v0x269ca10_0 .net *"_s17", 0 0, L_0x269f6e0;  1 drivers
v0x269cb10_0 .net *"_s22", 2 0, L_0x269fa40;  1 drivers
v0x269cbf0_0 .net "a", 3 0, v0x269d330_0;  1 drivers
v0x269ccb0_0 .net "b", 3 0, v0x269d410_0;  1 drivers
v0x269cd90_0 .net "cin", 0 0, v0x269d4e0_0;  1 drivers
v0x269cea0_0 .net "cout", 0 0, L_0x269fc10;  alias, 1 drivers
v0x269cf60_0 .net "in", 3 0, L_0x269f9a0;  1 drivers
v0x269d040_0 .net "out", 3 0, L_0x269ec60;  1 drivers
v0x269d120_0 .net "z", 3 0, L_0x269ea30;  alias, 1 drivers
L_0x269ea30 .concat [ 1 1 1 1], L_0x269d990, L_0x269de30, L_0x269e2d0, L_0x269e770;
L_0x269ec60 .concat [ 1 1 1 1], L_0x269db10, L_0x269dfb0, L_0x269e450, L_0x269e8f0;
L_0x269ee40 .part v0x269d330_0, 0, 1;
L_0x269ef30 .part v0x269d330_0, 1, 1;
L_0x269efd0 .part v0x269d330_0, 2, 1;
L_0x269f100 .part v0x269d330_0, 3, 1;
L_0x269f1e0 .part v0x269d410_0, 0, 1;
L_0x269f280 .part v0x269d410_0, 1, 1;
L_0x269f370 .part v0x269d410_0, 2, 1;
L_0x269f4a0 .part v0x269d410_0, 3, 1;
L_0x269f5a0 .part L_0x269f9a0, 0, 1;
L_0x269f640 .part L_0x269f9a0, 1, 1;
L_0x269f750 .part L_0x269f9a0, 2, 1;
L_0x269f7f0 .part L_0x269f9a0, 3, 1;
L_0x269f9a0 .concat8 [ 1 3 0 0], L_0x269f6e0, L_0x269fa40;
L_0x269fa40 .part L_0x269ec60, 0, 3;
L_0x269fc10 .part L_0x269ec60, 3, 1;
S_0x264b920 .scope module, "mine[0]" "fullAdder" 2 29, 2 1 0, S_0x264d6f0;
 .timescale 0 0;
    .port_info 0 /OUTPUT 1 "z"
    .port_info 1 /OUTPUT 1 "cout"
    .port_info 2 /INPUT 1 "a"
    .port_info 3 /INPUT 1 "b"
    .port_info 4 /INPUT 1 "cin"
L_0x269d750 .functor XOR 1, L_0x269ee40, L_0x269f1e0, C4<0>, C4<0>;
L_0x269d850 .functor AND 1, L_0x269ee40, L_0x269f1e0, C4<1>, C4<1>;
L_0x269d990 .functor XOR 1, L_0x269d750, L_0x269f5a0, C4<0>, C4<0>;
L_0x269da50 .functor AND 1, L_0x269d750, L_0x269f5a0, C4<1>, C4<1>;
L_0x269db10 .functor OR 1, L_0x269d850, L_0x269da50, C4<0>, C4<0>;
v0x264bba0_0 .net "a", 0 0, L_0x269ee40;  1 drivers
v0x269a710_0 .net "b", 0 0, L_0x269f1e0;  1 drivers
v0x269a7d0_0 .net "cin", 0 0, L_0x269f5a0;  1 drivers
v0x269a8a0_0 .net "cout", 0 0, L_0x269db10;  1 drivers
v0x269a960_0 .net "lowerRes", 0 0, L_0x269d850;  1 drivers
v0x269aa70_0 .net "upperAnd", 0 0, L_0x269da50;  1 drivers
v0x269ab30_0 .net "upperRes", 0 0, L_0x269d750;  1 drivers
v0x269abf0_0 .net "z", 0 0, L_0x269d990;  1 drivers
S_0x269ad50 .scope module, "mine[1]" "fullAdder" 2 29, 2 1 0, S_0x264d6f0;
 .timescale 0 0;
    .port_info 0 /OUTPUT 1 "z"
    .port_info 1 /OUTPUT 1 "cout"
    .port_info 2 /INPUT 1 "a"
    .port_info 3 /INPUT 1 "b"
    .port_info 4 /INPUT 1 "cin"
L_0x269dc50 .functor XOR 1, L_0x269ef30, L_0x269f280, C4<0>, C4<0>;
L_0x269dcf0 .functor AND 1, L_0x269ef30, L_0x269f280, C4<1>, C4<1>;
L_0x269de30 .functor XOR 1, L_0x269dc50, L_0x269f640, C4<0>, C4<0>;
L_0x269def0 .functor AND 1, L_0x269dc50, L_0x269f640, C4<1>, C4<1>;
L_0x269dfb0 .functor OR 1, L_0x269dcf0, L_0x269def0, C4<0>, C4<0>;
v0x269afe0_0 .net "a", 0 0, L_0x269ef30;  1 drivers
v0x269b0a0_0 .net "b", 0 0, L_0x269f280;  1 drivers
v0x269b160_0 .net "cin", 0 0, L_0x269f640;  1 drivers
v0x269b230_0 .net "cout", 0 0, L_0x269dfb0;  1 drivers
v0x269b2f0_0 .net "lowerRes", 0 0, L_0x269dcf0;  1 drivers
v0x269b400_0 .net "upperAnd", 0 0, L_0x269def0;  1 drivers
v0x269b4c0_0 .net "upperRes", 0 0, L_0x269dc50;  1 drivers
v0x269b580_0 .net "z", 0 0, L_0x269de30;  1 drivers
S_0x269b6e0 .scope module, "mine[2]" "fullAdder" 2 29, 2 1 0, S_0x264d6f0;
 .timescale 0 0;
    .port_info 0 /OUTPUT 1 "z"
    .port_info 1 /OUTPUT 1 "cout"
    .port_info 2 /INPUT 1 "a"
    .port_info 3 /INPUT 1 "b"
    .port_info 4 /INPUT 1 "cin"
L_0x269e0f0 .functor XOR 1, L_0x269efd0, L_0x269f370, C4<0>, C4<0>;
L_0x269e190 .functor AND 1, L_0x269efd0, L_0x269f370, C4<1>, C4<1>;
L_0x269e2d0 .functor XOR 1, L_0x269e0f0, L_0x269f750, C4<0>, C4<0>;
L_0x269e390 .functor AND 1, L_0x269e0f0, L_0x269f750, C4<1>, C4<1>;
L_0x269e450 .functor OR 1, L_0x269e190, L_0x269e390, C4<0>, C4<0>;
v0x269b9a0_0 .net "a", 0 0, L_0x269efd0;  1 drivers
v0x269ba40_0 .net "b", 0 0, L_0x269f370;  1 drivers
v0x269bb00_0 .net "cin", 0 0, L_0x269f750;  1 drivers
v0x269bbd0_0 .net "cout", 0 0, L_0x269e450;  1 drivers
v0x269bc90_0 .net "lowerRes", 0 0, L_0x269e190;  1 drivers
v0x269bda0_0 .net "upperAnd", 0 0, L_0x269e390;  1 drivers
v0x269be60_0 .net "upperRes", 0 0, L_0x269e0f0;  1 drivers
v0x269bf20_0 .net "z", 0 0, L_0x269e2d0;  1 drivers
S_0x269c080 .scope module, "mine[3]" "fullAdder" 2 29, 2 1 0, S_0x264d6f0;
 .timescale 0 0;
    .port_info 0 /OUTPUT 1 "z"
    .port_info 1 /OUTPUT 1 "cout"
    .port_info 2 /INPUT 1 "a"
    .port_info 3 /INPUT 1 "b"
    .port_info 4 /INPUT 1 "cin"
L_0x269e590 .functor XOR 1, L_0x269f100, L_0x269f4a0, C4<0>, C4<0>;
L_0x269e630 .functor AND 1, L_0x269f100, L_0x269f4a0, C4<1>, C4<1>;
L_0x269e770 .functor XOR 1, L_0x269e590, L_0x269f7f0, C4<0>, C4<0>;
L_0x269e830 .functor AND 1, L_0x269e590, L_0x269f7f0, C4<1>, C4<1>;
L_0x269e8f0 .functor OR 1, L_0x269e630, L_0x269e830, C4<0>, C4<0>;
v0x269c310_0 .net "a", 0 0, L_0x269f100;  1 drivers
v0x269c3d0_0 .net "b", 0 0, L_0x269f4a0;  1 drivers
v0x269c490_0 .net "cin", 0 0, L_0x269f7f0;  1 drivers
v0x269c560_0 .net "cout", 0 0, L_0x269e8f0;  1 drivers
v0x269c620_0 .net "lowerRes", 0 0, L_0x269e630;  1 drivers
v0x269c730_0 .net "upperAnd", 0 0, L_0x269e830;  1 drivers
v0x269c7f0_0 .net "upperRes", 0 0, L_0x269e590;  1 drivers
v0x269c8b0_0 .net "z", 0 0, L_0x269e770;  1 drivers
    .scope S_0x2649640;
T_0 ;
    %pushi/vec4 0, 0, 4;
    %store/vec4 v0x269d330_0, 0, 4;
    %pushi/vec4 0, 0, 4;
    %store/vec4 v0x269d410_0, 0, 4;
    %pushi/vec4 0, 0, 1;
    %store/vec4 v0x269d4e0_0, 0, 1;
    %pushi/vec4 7, 0, 32;
T_0.0 %dup/vec4;
    %pushi/vec4 0, 0, 32;
    %cmp/s;
    %jmp/1xz T_0.1, 5;
    %jmp/1 T_0.1, 4;
    %pushi/vec4 1, 0, 32;
    %sub;
    %delay 5, 0;
    %vpi_call 2 57 "$display", "%2d: a=%b b=%b s=%b cout=%b", $time, v0x269d330_0, v0x269d410_0, v0x269d6b0_0, v0x269d5e0_0 {0 0 0};
    %load/vec4 v0x269d330_0;
    %addi 1, 0, 4;
    %store/vec4 v0x269d330_0, 0, 4;
    %load/vec4 v0x269d410_0;
    %addi 2, 0, 4;
    %store/vec4 v0x269d410_0, 0, 4;
    %jmp T_0.0;
T_0.1 ;
    %pop/vec4 1;
    %vpi_call 2 60 "$finish" {0 0 0};
    %end;
    .thread T_0;
# The file index is used to find the file name in the following table.
:file_names 3;
    "N/A";
    "<interactive>";
    "LabK.v";
